2024-02-26 01:14:25,773 32161 [pool-2-thread-1] INFO  TransactionObserverImpl - Transaction Type:5 -- Account Number:25 -- Amount:3256235.0
2024-02-26 01:14:36,689 43077 [pool-2-thread-2] INFO  TransactionObserverImpl - Transaction Type:5 -- Account Number:7 -- Amount:90.0
2024-02-26 01:14:50,701 57089 [pool-2-thread-3] INFO  TransactionObserverImpl - Transaction Type:5 -- Account Number:19 -- Amount:800000.0
2024-02-26 01:15:53,569 119957 [pool-2-thread-4] INFO  TransactionObserverImpl - Transaction Type:2 -- Account Number:7 -- Amount:199910.0
2024-02-26 01:17:12,879 199267 [pool-2-thread-6] INFO  TransactionObserverImpl - Transaction Type:3 -- Account Number:19 -- Amount:100000.0
2024-02-26 01:17:27,116 213504 [pool-2-thread-7] INFO  TransactionObserverImpl - Transaction Type:5 -- Account Number:7 -- Amount:200000.0
2024-02-26 01:17:34,783 221171 [pool-2-thread-8] INFO  TransactionObserverImpl - Transaction Type:5 -- Account Number:19 -- Amount:700000.0
2024-02-26 01:17:55,036 241424 [pool-3-thread-1] INFO  TransactionObserverImpl - Transaction Type:4 -- Account Number:7 -- Amount:100000.0
2024-02-26 01:17:55,039 241427 [pool-3-thread-1] INFO  TransactionObserverImpl - Transaction Type:5 -- Account Number:19 -- Amount:600000.0
2024-02-26 01:17:55,042 241430 [pool-3-thread-1] INFO  TransactionObserverImpl - Transaction Type:5 -- Account Number:7 -- Amount:300000.0
2024-02-26 01:20:49,382 415770 [pool-2-thread-1] INFO  TransactionObserverImpl - Transaction Type:5 -- Account Number:1 -- Amount:5800.0
2024-02-26 01:40:35,877 24313 [pool-2-thread-1] INFO  TransactionObserverImpl - Transaction Type:BALANCE -- Account Number:7 -- Amount:300000.0
2024-02-26 01:40:47,903 36339 [pool-2-thread-2] INFO  TransactionObserverImpl - Transaction Type:BALANCE -- Account Number:19 -- Amount:600000.0
2024-02-26 01:41:19,172 67608 [pool-2-thread-3] INFO  TransactionObserverImpl - Transaction Type:WITHDRAW -- Account Number:7 -- Amount:150000.0
2024-02-26 01:42:08,450 116886 [pool-2-thread-4] INFO  TransactionObserverImpl - Transaction Type:DEPOSIT -- Account Number:19 -- Amount:250000.0
2024-02-26 01:42:31,650 140086 [pool-2-thread-5] INFO  TransactionObserverImpl - Transaction Type:CREATE -- Account Number:45 -- Amount:0.0
2024-02-26 01:42:41,670 150106 [pool-2-thread-6] INFO  TransactionObserverImpl - Transaction Type:BALANCE -- Account Number:45 -- Amount:0.0
2024-02-26 01:42:55,425 163861 [pool-3-thread-1] INFO  TransactionObserverImpl - Transaction Type:TRANSFER -- Account Number:45 -- Amount:50000.0
2024-02-26 01:42:55,429 163865 [pool-3-thread-1] INFO  TransactionObserverImpl - Transaction Type:BALANCE -- Account Number:7 -- Amount:100000.0
2024-02-26 01:42:55,432 163868 [pool-3-thread-1] INFO  TransactionObserverImpl - Transaction Type:BALANCE -- Account Number:45 -- Amount:50000.0
2024-02-26 01:43:50,579 219015 [pool-4-thread-1] INFO  TransactionObserverImpl - Transaction Type:TRANSFER -- Account Number:45 -- Amount:50000.0
2024-02-26 01:43:50,581 219017 [pool-4-thread-1] INFO  TransactionObserverImpl - Transaction Type:BALANCE -- Account Number:19 -- Amount:800000.0
2024-02-26 01:43:50,585 219021 [pool-4-thread-1] INFO  TransactionObserverImpl - Transaction Type:BALANCE -- Account Number:45 -- Amount:100000.0
2024-02-26 01:44:28,660 257096 [pool-5-thread-1] INFO  TransactionObserverImpl - Transaction Type:TRANSFER -- Account Number:45 -- Amount:100000.0
2024-02-26 01:44:28,663 257099 [pool-5-thread-1] INFO  TransactionObserverImpl - Transaction Type:BALANCE -- Account Number:7 -- Amount:0.0
2024-02-26 01:44:28,665 257101 [pool-5-thread-1] INFO  TransactionObserverImpl - Transaction Type:BALANCE -- Account Number:45 -- Amount:200000.0
2024-02-26 01:53:01,736 12859 [pool-2-thread-1] INFO  TransactionObserverImpl - Transaction Type:BALANCE -- Account Number:7 -- Amount:0.0
2024-02-26 01:53:35,107 46230 [pool-3-thread-1] INFO  TransactionObserverImpl - Transaction Type:TRANSFER -- Account Number:45 -- Amount:150000.0
2024-02-26 01:53:35,112 46235 [pool-3-thread-1] INFO  TransactionObserverImpl - Transaction Type:BALANCE -- Account Number:19 -- Amount:650000.0
2024-02-26 01:53:35,116 46239 [pool-3-thread-1] INFO  TransactionObserverImpl - Transaction Type:BALANCE -- Account Number:45 -- Amount:350000.0
2024-02-26 01:59:52,226 19619 [pool-2-thread-1] INFO  TransactionObserverImpl - Transaction Type:BALANCE -- Account Number:45 -- Amount:350000.0
2024-02-26 02:00:18,541 45934 [pool-2-thread-2] INFO  TransactionObserverImpl - Transaction Type:BALANCE -- Account Number:19 -- Amount:650000.0
2024-02-26 02:00:45,568 72961 [pool-2-thread-3] INFO  TransactionObserverImpl - Transaction Type:BALANCE -- Account Number:7 -- Amount:0.0
2024-02-26 02:01:45,956 133349 [pool-4-thread-1] INFO  TransactionObserverImpl - Transaction Type:TRANSFER -- Account Number:7 -- Amount:150000.0
2024-02-26 02:01:45,959 133352 [pool-4-thread-1] INFO  TransactionObserverImpl - Transaction Type:BALANCE -- Account Number:45 -- Amount:200000.0
2024-02-26 02:01:45,962 133355 [pool-4-thread-1] INFO  TransactionObserverImpl - Transaction Type:BALANCE -- Account Number:7 -- Amount:150000.0
2024-02-26 02:03:13,380 220773 [pool-5-thread-1] INFO  TransactionObserverImpl - Transaction Type:TRANSFER -- Account Number:7 -- Amount:120000.0
2024-02-26 02:03:13,384 220777 [pool-5-thread-1] INFO  TransactionObserverImpl - Transaction Type:BALANCE -- Account Number:19 -- Amount:530000.0
2024-02-26 02:03:13,386 220779 [pool-5-thread-1] INFO  TransactionObserverImpl - Transaction Type:BALANCE -- Account Number:7 -- Amount:270000.0
2024-02-26 02:03:32,241 239634 [pool-2-thread-4] INFO  TransactionObserverImpl - Transaction Type:CREATE -- Account Number:46 -- Amount:0.0
2024-02-26 02:03:44,662 252055 [pool-2-thread-5] INFO  TransactionObserverImpl - Transaction Type:DEPOSIT -- Account Number:46 -- Amount:80000.0
2024-02-26 02:04:55,332 322725 [pool-2-thread-6] INFO  TransactionObserverImpl - Transaction Type:WITHDRAW -- Account Number:19 -- Amount:30000.0
2024-02-26 02:05:43,550 370943 [pool-2-thread-7] INFO  TransactionObserverImpl - Transaction Type:DEPOSIT -- Account Number:7 -- Amount:30000.0
2024-02-26 02:05:54,644 382037 [pool-2-thread-8] INFO  TransactionObserverImpl - Transaction Type:BALANCE -- Account Number:7 -- Amount:300000.0
2024-02-26 02:06:00,946 388339 [pool-2-thread-1] INFO  TransactionObserverImpl - Transaction Type:BALANCE -- Account Number:19 -- Amount:500000.0
2024-02-26 02:06:06,954 394347 [pool-2-thread-2] INFO  TransactionObserverImpl - Transaction Type:BALANCE -- Account Number:46 -- Amount:80000.0
2024-02-26 02:06:25,075 412468 [pool-6-thread-1] INFO  TransactionObserverImpl - Transaction Type:TRANSFER -- Account Number:45 -- Amount:40000.0
2024-02-26 02:06:25,078 412471 [pool-6-thread-1] INFO  TransactionObserverImpl - Transaction Type:BALANCE -- Account Number:46 -- Amount:40000.0
2024-02-26 02:06:25,080 412473 [pool-6-thread-1] INFO  TransactionObserverImpl - Transaction Type:BALANCE -- Account Number:45 -- Amount:240000.0
2024-02-26 02:06:53,441 440834 [pool-7-thread-1] INFO  TransactionObserverImpl - Transaction Type:TRANSFER -- Account Number:7 -- Amount:40000.0
2024-02-26 02:06:53,443 440836 [pool-7-thread-1] INFO  TransactionObserverImpl - Transaction Type:BALANCE -- Account Number:46 -- Amount:0.0
2024-02-26 02:06:53,445 440838 [pool-7-thread-1] INFO  TransactionObserverImpl - Transaction Type:BALANCE -- Account Number:7 -- Amount:340000.0
2024-02-26 02:26:34,817 197556 [pool-2-thread-1] INFO  TransactionObserverImpl - Transaction Type:BALANCE -- Account Number:45 -- Amount:240000.0
2024-02-26 02:26:46,322 209061 [pool-2-thread-2] INFO  TransactionObserverImpl - Transaction Type:BALANCE -- Account Number:19 -- Amount:500000.0
2024-02-26 02:26:59,500 222239 [pool-2-thread-3] INFO  TransactionObserverImpl - Transaction Type:BALANCE -- Account Number:46 -- Amount:0.0
2024-02-26 02:29:03,185 345924 [pool-2-thread-4] INFO  TransactionObserverImpl - Transaction Type:BALANCE -- Account Number:7 -- Amount:340000.0
2024-02-26 02:29:28,667 371406 [pool-2-thread-5] INFO  TransactionObserverImpl - Transaction Type:WITHDRAW -- Account Number:7 -- Amount:40000.0
2024-02-26 02:31:22,428 485167 [pool-2-thread-6] INFO  TransactionObserverImpl - Transaction Type:BALANCE -- Account Number:7 -- Amount:300000.0
2024-02-26 02:31:49,881 512620 [pool-4-thread-1] INFO  TransactionObserverImpl - Transaction Type:TRANSFER -- Account Number:46 -- Amount:100000.0
2024-02-26 02:31:49,885 512624 [pool-4-thread-1] INFO  TransactionObserverImpl - Transaction Type:BALANCE -- Account Number:7 -- Amount:200000.0
2024-02-26 02:31:49,890 512629 [pool-4-thread-1] INFO  TransactionObserverImpl - Transaction Type:BALANCE -- Account Number:46 -- Amount:100000.0
2024-02-26 02:32:25,891 548630 [pool-2-thread-7] INFO  TransactionObserverImpl - Transaction Type:WITHDRAW -- Account Number:7 -- Amount:400000.0
2024-02-26 03:03:37,841 12814 [pool-2-thread-1] INFO  TransactionObserverImpl - Transaction Type:BALANCE -- Account Number:46 -- Amount:100000.0
2024-02-26 03:26:19,926 30956 [pool-2-thread-1] INFO  TransactionObserverImpl - Transaction Type:BALANCE -- Account Number:7 -- Amount:-200000.0
2024-02-26 03:26:45,727 56757 [pool-2-thread-2] INFO  TransactionObserverImpl - Transaction Type:BALANCE -- Account Number:9 -- Amount:65.0
2024-02-26 03:26:59,707 70737 [pool-2-thread-4] INFO  TransactionObserverImpl - Transaction Type:BALANCE -- Account Number:45 -- Amount:240000.0
2024-02-26 03:27:09,319 80349 [pool-2-thread-5] INFO  TransactionObserverImpl - Transaction Type:BALANCE -- Account Number:46 -- Amount:100000.0
2024-02-26 03:27:56,404 127434 [pool-2-thread-7] INFO  TransactionObserverImpl - Transaction Type:BALANCE -- Account Number:7 -- Amount:-200000.0
2024-02-26 03:28:11,712 142742 [pool-2-thread-8] INFO  TransactionObserverImpl - Transaction Type:DEPOSIT -- Account Number:7 -- Amount:200000.0
2024-02-26 03:34:01,456 22440 [pool-2-thread-1] INFO  TransactionObserverImpl - Transaction Type:BALANCE -- Account Number:7 -- Amount:0.0
2024-02-26 03:37:02,660 15354 [pool-2-thread-1] INFO  TransactionObserverImpl - Transaction Type:BALANCE -- Account Number:7 -- Amount:0.0
2024-02-26 03:39:07,801 74581 [pool-2-thread-1] INFO  TransactionObserverImpl - Transaction Type:BALANCE -- Account Number:7 -- Amount:0.0
2024-02-26 03:39:34,238 101018 [pool-2-thread-3] INFO  TransactionObserverImpl - Transaction Type:WITHDRAW -- Account Number:9 -- Amount:10.0
2024-02-26 03:39:51,983 118763 [pool-3-thread-1] INFO  TransactionObserverImpl - Transaction Type:TRANSFER -- Account Number:7 -- Amount:5.0
2024-02-26 03:39:51,987 118767 [pool-3-thread-1] INFO  TransactionObserverImpl - Transaction Type:BALANCE -- Account Number:9 -- Amount:50.0
2024-02-26 03:39:51,990 118770 [pool-3-thread-1] INFO  TransactionObserverImpl - Transaction Type:BALANCE -- Account Number:7 -- Amount:5.0
2024-02-26 03:40:49,941 176721 [pool-2-thread-4] INFO  TransactionObserverImpl - Transaction Type:DEPOSIT -- Account Number:7 -- Amount:100.0
2024-02-26 03:40:58,849 185629 [pool-2-thread-5] INFO  TransactionObserverImpl - Transaction Type:DEPOSIT -- Account Number:9 -- Amount:45.0
